<?xml version="1.0" encoding="UTF-8"?>
<!-- Generated by org.testng.reporters.JUnitXMLReporter -->
<testsuite hostname="DESKTOP-JK389C0" ignored="0" name="Default test" tests="3" failures="0" timestamp="05 May 2019 14:32:25 GMT" time="43.851" errors="0">
  <testcase name="verifyHomePageTitleTest" time="0.046" classname="com.crm.qa.testcases.HomePageTest"/>
  <testcase name="verifyUserNameTest" time="0.084" classname="com.crm.qa.testcases.HomePageTest"/>
  <testcase name="verifyContactsLinkTest" time="1.84" classname="com.crm.qa.testcases.HomePageTest"/>
</testsuite> <!-- Default test -->
