<?xml version="1.0" encoding="UTF-8"?>
<testng-results skipped="0" failed="0" ignored="0" total="3" passed="3">
  <reporter-output>
  </reporter-output>
  <suite name="Default suite" duration-ms="43851" started-at="2019-05-05T14:31:41Z" finished-at="2019-05-05T14:32:25Z">
    <groups>
    </groups>
    <test name="Default test" duration-ms="43851" started-at="2019-05-05T14:31:41Z" finished-at="2019-05-05T14:32:25Z">
      <class name="com.crm.qa.testcases.HomePageTest">
        <test-method status="PASS" signature="setup()[pri:0, instance:com.crm.qa.testcases.HomePageTest@6a41eaa2]" name="setup" is-config="true" duration-ms="15122" started-at="2019-05-05T14:31:41Z" finished-at="2019-05-05T14:31:57Z">
          <reporter-output>
          </reporter-output>
        </test-method> <!-- setup -->
        <test-method status="PASS" signature="verifyHomePageTitleTest()[pri:1, instance:com.crm.qa.testcases.HomePageTest@6a41eaa2]" name="verifyHomePageTitleTest" duration-ms="46" started-at="2019-05-05T14:31:57Z" finished-at="2019-05-05T14:31:57Z">
          <reporter-output>
          </reporter-output>
        </test-method> <!-- verifyHomePageTitleTest -->
        <test-method status="PASS" signature="tearDown()[pri:0, instance:com.crm.qa.testcases.HomePageTest@6a41eaa2]" name="tearDown" is-config="true" duration-ms="697" started-at="2019-05-05T14:31:57Z" finished-at="2019-05-05T14:31:57Z">
          <reporter-output>
          </reporter-output>
        </test-method> <!-- tearDown -->
        <test-method status="PASS" signature="setup()[pri:0, instance:com.crm.qa.testcases.HomePageTest@6a41eaa2]" name="setup" is-config="true" duration-ms="12351" started-at="2019-05-05T14:31:57Z" finished-at="2019-05-05T14:32:10Z">
          <reporter-output>
          </reporter-output>
        </test-method> <!-- setup -->
        <test-method status="PASS" signature="verifyUserNameTest()[pri:2, instance:com.crm.qa.testcases.HomePageTest@6a41eaa2]" name="verifyUserNameTest" duration-ms="84" started-at="2019-05-05T14:32:10Z" finished-at="2019-05-05T14:32:10Z">
          <reporter-output>
          </reporter-output>
        </test-method> <!-- verifyUserNameTest -->
        <test-method status="PASS" signature="tearDown()[pri:0, instance:com.crm.qa.testcases.HomePageTest@6a41eaa2]" name="tearDown" is-config="true" duration-ms="672" started-at="2019-05-05T14:32:10Z" finished-at="2019-05-05T14:32:10Z">
          <reporter-output>
          </reporter-output>
        </test-method> <!-- tearDown -->
        <test-method status="PASS" signature="setup()[pri:0, instance:com.crm.qa.testcases.HomePageTest@6a41eaa2]" name="setup" is-config="true" duration-ms="12266" started-at="2019-05-05T14:32:10Z" finished-at="2019-05-05T14:32:23Z">
          <reporter-output>
          </reporter-output>
        </test-method> <!-- setup -->
        <test-method status="PASS" signature="verifyContactsLinkTest()[pri:3, instance:com.crm.qa.testcases.HomePageTest@6a41eaa2]" name="verifyContactsLinkTest" duration-ms="1840" started-at="2019-05-05T14:32:23Z" finished-at="2019-05-05T14:32:24Z">
          <reporter-output>
          </reporter-output>
        </test-method> <!-- verifyContactsLinkTest -->
        <test-method status="PASS" signature="tearDown()[pri:0, instance:com.crm.qa.testcases.HomePageTest@6a41eaa2]" name="tearDown" is-config="true" duration-ms="744" started-at="2019-05-05T14:32:24Z" finished-at="2019-05-05T14:32:25Z">
          <reporter-output>
          </reporter-output>
        </test-method> <!-- tearDown -->
      </class> <!-- com.crm.qa.testcases.HomePageTest -->
    </test> <!-- Default test -->
  </suite> <!-- Default suite -->
</testng-results>
